{"contracts/Raffle.sol":{"l":{"50":3,"51":3,"52":3,"53":3,"54":3,"55":3,"56":3,"57":3,"62":8,"63":1,"65":7,"66":1,"68":6,"69":6,"89":6,"90":6,"91":6,"92":6,"93":6,"99":3,"100":3,"101":0,"107":3,"108":3,"115":3,"122":0,"123":0,"124":0,"125":0,"126":0,"127":0,"128":0,"129":0,"130":0,"132":0,"137":1,"141":9,"145":0,"149":2,"153":0,"157":9},"path":"/home/pavel/Documents/Web3_projects/Lottery-HardHat/contracts/Raffle.sol","s":{"1":3,"2":3,"3":3,"4":3,"5":3,"6":3,"7":3,"8":3,"9":8,"10":7,"11":6,"12":6,"13":6,"14":6,"15":6,"16":6,"17":6,"18":3,"19":3,"20":3,"21":3,"22":3,"23":0,"24":0,"25":0,"26":0,"27":0,"28":0,"29":0,"30":0,"31":0,"32":1,"33":9,"34":0,"35":2,"36":0,"37":9},"b":{"1":[1,7],"2":[1,6],"3":[0,3],"4":[0,0]},"f":{"1":3,"2":8,"3":6,"4":3,"5":0,"6":1,"7":9,"8":0,"9":2,"10":0,"11":9},"fnMap":{"1":{"name":"constructor","line":49,"loc":{"start":{"line":42,"column":4},"end":{"line":58,"column":4}}},"2":{"name":"enterRaffle","line":60,"loc":{"start":{"line":60,"column":4},"end":{"line":70,"column":4}}},"3":{"name":"checkUpkeep","line":79,"loc":{"start":{"line":79,"column":4},"end":{"line":94,"column":4}}},"4":{"name":"performUpkeep","line":96,"loc":{"start":{"line":96,"column":4},"end":{"line":116,"column":4}}},"5":{"name":"fulfillRandomWords","line":118,"loc":{"start":{"line":118,"column":4},"end":{"line":133,"column":4}}},"6":{"name":"getPlayer","line":136,"loc":{"start":{"line":136,"column":4},"end":{"line":138,"column":4}}},"7":{"name":"getEntranceFee","line":140,"loc":{"start":{"line":140,"column":4},"end":{"line":142,"column":4}}},"8":{"name":"getRecentWiner","line":144,"loc":{"start":{"line":144,"column":4},"end":{"line":146,"column":4}}},"9":{"name":"getState","line":148,"loc":{"start":{"line":148,"column":4},"end":{"line":150,"column":4}}},"10":{"name":"getNumberOfPlayers","line":152,"loc":{"start":{"line":152,"column":4},"end":{"line":154,"column":4}}},"11":{"name":"getInterval","line":156,"loc":{"start":{"line":156,"column":4},"end":{"line":158,"column":4}}}},"statementMap":{"1":{"start":{"line":50,"column":8},"end":{"line":50,"column":34}},"2":{"start":{"line":51,"column":8},"end":{"line":51,"column":69}},"3":{"start":{"line":52,"column":8},"end":{"line":52,"column":26}},"4":{"start":{"line":53,"column":8},"end":{"line":53,"column":40}},"5":{"start":{"line":54,"column":8},"end":{"line":54,"column":44}},"6":{"start":{"line":55,"column":8},"end":{"line":55,"column":39}},"7":{"start":{"line":56,"column":8},"end":{"line":56,"column":40}},"8":{"start":{"line":57,"column":8},"end":{"line":57,"column":28}},"9":{"start":{"line":62,"column":8},"end":{"line":62,"column":2112}},"10":{"start":{"line":65,"column":8},"end":{"line":65,"column":2209}},"11":{"start":{"line":68,"column":8},"end":{"line":68,"column":42}},"12":{"start":{"line":69,"column":8},"end":{"line":69,"column":36}},"13":{"start":{"line":89,"column":8},"end":{"line":89,"column":57}},"14":{"start":{"line":90,"column":8},"end":{"line":90,"column":76}},"15":{"start":{"line":91,"column":8},"end":{"line":91,"column":47}},"16":{"start":{"line":92,"column":8},"end":{"line":92,"column":48}},"17":{"start":{"line":93,"column":8},"end":{"line":93,"column":66}},"18":{"start":{"line":99,"column":8},"end":{"line":99,"column":47}},"19":{"start":{"line":100,"column":8},"end":{"line":100,"column":3318}},"20":{"start":{"line":107,"column":8},"end":{"line":107,"column":46}},"21":{"start":{"line":108,"column":8},"end":{"line":108,"column":3578}},"22":{"start":{"line":115,"column":8},"end":{"line":115,"column":45}},"23":{"start":{"line":122,"column":8},"end":{"line":122,"column":57}},"24":{"start":{"line":123,"column":8},"end":{"line":123,"column":55}},"25":{"start":{"line":124,"column":8},"end":{"line":124,"column":35}},"26":{"start":{"line":125,"column":8},"end":{"line":125,"column":43}},"27":{"start":{"line":126,"column":8},"end":{"line":126,"column":40}},"28":{"start":{"line":127,"column":8},"end":{"line":127,"column":39}},"29":{"start":{"line":128,"column":8},"end":{"line":128,"column":79}},"30":{"start":{"line":129,"column":8},"end":{"line":129,"column":4326}},"31":{"start":{"line":132,"column":8},"end":{"line":132,"column":39}},"32":{"start":{"line":137,"column":8},"end":{"line":137,"column":31}},"33":{"start":{"line":141,"column":8},"end":{"line":141,"column":28}},"34":{"start":{"line":145,"column":8},"end":{"line":145,"column":28}},"35":{"start":{"line":149,"column":8},"end":{"line":149,"column":28}},"36":{"start":{"line":153,"column":8},"end":{"line":153,"column":31}},"37":{"start":{"line":157,"column":8},"end":{"line":157,"column":25}}},"branchMap":{"1":{"line":62,"type":"if","locations":[{"start":{"line":62,"column":8},"end":{"line":62,"column":8}},{"start":{"line":62,"column":8},"end":{"line":62,"column":8}}]},"2":{"line":65,"type":"if","locations":[{"start":{"line":65,"column":8},"end":{"line":65,"column":8}},{"start":{"line":65,"column":8},"end":{"line":65,"column":8}}]},"3":{"line":100,"type":"if","locations":[{"start":{"line":100,"column":8},"end":{"line":100,"column":8}},{"start":{"line":100,"column":8},"end":{"line":100,"column":8}}]},"4":{"line":129,"type":"if","locations":[{"start":{"line":129,"column":8},"end":{"line":129,"column":8}},{"start":{"line":129,"column":8},"end":{"line":129,"column":8}}]}}},"contracts/test/VRFCoordinatorV2Mock.sol":{"l":{},"path":"/home/pavel/Documents/Web3_projects/Lottery-HardHat/contracts/test/VRFCoordinatorV2Mock.sol","s":{},"b":{},"f":{},"fnMap":{},"statementMap":{},"branchMap":{}}}